{"level":"info","message":"Database pool initialized successfully","timestamp":"2025-04-23 18:34:12"}
{"level":"error","message":"Server startup failed: Error: Database query API validation failed: Unexpected database query result format\n    at startServer (C:\\Users\\Administrator\\source\\repos\\End-project\\server.js:561:19)\n    at process.processTicksAndRejections (node:internal/process/task_queues:105:5)","timestamp":"2025-04-23 18:34:12"}
{"level":"info","message":"Server started on port 8000","timestamp":"2025-04-23T15:40:47.000Z"}
{"level":"error","message":"Error [8a72deae-2df6-4760-a5ba-3a33444710dc]: Error: Failed to lookup view \"login\" in views directory \"C:\\Users\\Administrator\\source\\repos\\End-project\\views\"\n    at Function.render (C:\\Users\\Administrator\\source\\repos\\End-project\\node_modules\\express\\lib\\application.js:562:17)\n    at ServerResponse.render (C:\\Users\\Administrator\\source\\repos\\End-project\\node_modules\\express\\lib\\response.js:909:7)\n    at getLogin (C:\\Users\\Administrator\\source\\repos\\End-project\\controllers\\AuthController\\authcontroller.js:10:13)\n    at Layer.handleRequest (C:\\Users\\Administrator\\source\\repos\\End-project\\node_modules\\router\\lib\\layer.js:152:17)\n    at next (C:\\Users\\Administrator\\source\\repos\\End-project\\node_modules\\router\\lib\\route.js:157:13)\n    at Route.dispatch (C:\\Users\\Administrator\\source\\repos\\End-project\\node_modules\\router\\lib\\route.js:117:3)\n    at handle (C:\\Users\\Administrator\\source\\repos\\End-project\\node_modules\\router\\index.js:435:11)\n    at Layer.handleRequest (C:\\Users\\Administrator\\source\\repos\\End-project\\node_modules\\router\\lib\\layer.js:152:17)\n    at C:\\Users\\Administrator\\source\\repos\\End-project\\node_modules\\router\\index.js:295:15\n    at processParams (C:\\Users\\Administrator\\source\\repos\\End-project\\node_modules\\router\\index.js:582:12)","timestamp":"2025-04-23T15:40:53.281Z"}
{"level":"info","message":"::1 - - [23/Apr/2025:15:40:53 +0000] \"GET /login HTTP/1.1\" 500 1434 \"-\" \"Mozilla/5.0 (Windows NT 10.0; Win64; x64) AppleWebKit/537.36 (KHTML, like Gecko) Chrome/135.0.0.0 Safari/537.36\"","timestamp":"2025-04-23T15:40:53.331Z"}
{"level":"info","message":"Database pool initialized successfully","timestamp":"2025-04-23 18:41:46"}
{"level":"error","message":"Server startup failed: Error: Database query API validation failed: Unexpected database query result format\n    at startServer (C:\\Users\\Administrator\\source\\repos\\End-project\\server.js:561:19)\n    at process.processTicksAndRejections (node:internal/process/task_queues:105:5)","timestamp":"2025-04-23 18:41:46"}
{"level":"info","message":"Database pool initialized successfully","timestamp":"2025-04-23 18:47:11"}
{"level":"error","message":"Server startup failed: Database query API validation failed: Unexpected database query result format","timestamp":"2025-04-23 18:47:11"}
{"level":"info","message":"Database pool initialized successfully","timestamp":"2025-04-23 18:48:21"}
{"level":"error","message":"Server startup failed: Database query API validation failed: Unexpected database query result format","timestamp":"2025-04-23 18:48:21"}
{"level":"info","message":"Database pool initialized successfully","timestamp":"2025-04-23 18:54:49"}
{"level":"error","message":"Server startup failed: Database query API validation failed: Unexpected database query result format","timestamp":"2025-04-23 18:54:49"}
{"level":"info","message":"Database pool initialized successfully","timestamp":"2025-04-24 09:31:43"}
{"level":"error","message":"Server startup failed: Database query API validation failed: Unexpected database query result format","timestamp":"2025-04-24 09:31:43"}
{"level":"info","message":"Attempting to initialize database pool...","timestamp":"2025-04-24 10:21:20"}
{"level":"info","message":"Database pool initialized successfully","timestamp":"2025-04-24 10:21:20"}
{"level":"info","message":"Testing database connection with simple query...","timestamp":"2025-04-24 10:21:20"}
{"level":"info","message":"Attempting to initialize database pool...","timestamp":"2025-04-24 10:23:49"}
{"level":"info","message":"Database pool initialized successfully","timestamp":"2025-04-24 10:23:49"}
{"level":"info","message":"Attempting to initialize database pool...","timestamp":"2025-04-24 11:06:14"}
{"level":"info","message":"Database pool initialized successfully","timestamp":"2025-04-24 11:06:15"}
{"level":"info","message":"Testing database connection with simple query...","timestamp":"2025-04-24 11:06:15"}
{"level":"info","message":"Initializing database connection...","timestamp":"2025-04-24 11:07:30"}
{"level":"info","message":"Testing database connection...","timestamp":"2025-04-24 11:07:30"}
{"level":"info","message":"Database connection test passed","timestamp":"2025-04-24 11:07:30"}
{"level":"info","message":"Server successfully started on port 8000","timestamp":"2025-04-24 11:07:30"}
{"level":"error","message":"Error [48a2f5b1-745f-484a-bbae-3bb84aca0fc9]: Error: Failed to lookup view \"home\" in views directories \"C:\\Users\\Administrator\\source\\repos\\End-project\\views\\User\", \"C:\\Users\\Administrator\\source\\repos\\End-project\\views\\Admin\" or \"C:\\Users\\Administrator\\source\\repos\\End-project\\views\\Shared\"\n    at Function.render (C:\\Users\\Administrator\\source\\repos\\End-project\\node_modules\\express\\lib\\application.js:562:17)\n    at ServerResponse.render (C:\\Users\\Administrator\\source\\repos\\End-project\\node_modules\\express\\lib\\response.js:909:7)\n    at C:\\Users\\Administrator\\source\\repos\\End-project\\router\\AuthRoutes\\router.js:26:7\n    at Layer.handleRequest (C:\\Users\\Administrator\\source\\repos\\End-project\\node_modules\\router\\lib\\layer.js:152:17)\n    at next (C:\\Users\\Administrator\\source\\repos\\End-project\\node_modules\\router\\lib\\route.js:157:13)\n    at Route.dispatch (C:\\Users\\Administrator\\source\\repos\\End-project\\node_modules\\router\\lib\\route.js:117:3)\n    at handle (C:\\Users\\Administrator\\source\\repos\\End-project\\node_modules\\router\\index.js:435:11)\n    at Layer.handleRequest (C:\\Users\\Administrator\\source\\repos\\End-project\\node_modules\\router\\lib\\layer.js:152:17)\n    at C:\\Users\\Administrator\\source\\repos\\End-project\\node_modules\\router\\index.js:295:15\n    at processParams (C:\\Users\\Administrator\\source\\repos\\End-project\\node_modules\\router\\index.js:582:12)","timestamp":"2025-04-24 11:07:35"}
{"level":"info","message":"\u001b[0mGET / \u001b[31m500\u001b[0m 50.055 ms - 438\u001b[0m","timestamp":"2025-04-24 11:07:35"}
{"level":"error","message":"Error [c54e3404-dc99-4170-b08b-7e4736657b53]: Error: Failed to lookup view \"home\" in views directories \"C:\\Users\\Administrator\\source\\repos\\End-project\\views\\User\", \"C:\\Users\\Administrator\\source\\repos\\End-project\\views\\Admin\" or \"C:\\Users\\Administrator\\source\\repos\\End-project\\views\\Shared\"\n    at Function.render (C:\\Users\\Administrator\\source\\repos\\End-project\\node_modules\\express\\lib\\application.js:562:17)\n    at ServerResponse.render (C:\\Users\\Administrator\\source\\repos\\End-project\\node_modules\\express\\lib\\response.js:909:7)\n    at C:\\Users\\Administrator\\source\\repos\\End-project\\router\\AuthRoutes\\router.js:26:7\n    at Layer.handleRequest (C:\\Users\\Administrator\\source\\repos\\End-project\\node_modules\\router\\lib\\layer.js:152:17)\n    at next (C:\\Users\\Administrator\\source\\repos\\End-project\\node_modules\\router\\lib\\route.js:157:13)\n    at Route.dispatch (C:\\Users\\Administrator\\source\\repos\\End-project\\node_modules\\router\\lib\\route.js:117:3)\n    at handle (C:\\Users\\Administrator\\source\\repos\\End-project\\node_modules\\router\\index.js:435:11)\n    at Layer.handleRequest (C:\\Users\\Administrator\\source\\repos\\End-project\\node_modules\\router\\lib\\layer.js:152:17)\n    at C:\\Users\\Administrator\\source\\repos\\End-project\\node_modules\\router\\index.js:295:15\n    at processParams (C:\\Users\\Administrator\\source\\repos\\End-project\\node_modules\\router\\index.js:582:12)","timestamp":"2025-04-24 11:07:37"}
{"level":"info","message":"\u001b[0mGET / \u001b[31m500\u001b[0m 16.921 ms - 438\u001b[0m","timestamp":"2025-04-24 11:07:37"}
{"level":"warn","message":"404 Not Found: GET /favicon.ico","timestamp":"2025-04-24 11:07:37"}
{"level":"info","message":"\u001b[0mGET /favicon.ico \u001b[33m404\u001b[0m 6.049 ms - 181\u001b[0m","timestamp":"2025-04-24 11:07:37"}
{"level":"info","message":"\u001b[0mGET /about \u001b[36m304\u001b[0m 3.724 ms - -\u001b[0m","timestamp":"2025-04-24 11:07:42"}
{"level":"info","message":"\u001b[0mGET /Public/images/property-7.jpg \u001b[36m304\u001b[0m 4.386 ms - -\u001b[0m","timestamp":"2025-04-24 11:07:42"}
{"level":"info","message":"\u001b[0mGET /public/images/property-1.jpg \u001b[36m304\u001b[0m 5.332 ms - -\u001b[0m","timestamp":"2025-04-24 11:07:42"}
{"level":"info","message":"\u001b[0mGET /Public/images/Logo%20maker%20project.png \u001b[36m304\u001b[0m 3.827 ms - -\u001b[0m","timestamp":"2025-04-24 11:07:42"}
{"level":"info","message":"\u001b[0mGET /Public/stylesheet/about.css \u001b[36m304\u001b[0m 8.617 ms - -\u001b[0m","timestamp":"2025-04-24 11:07:42"}
{"level":"info","message":"\u001b[0mGET /Public/images/property-2.jpg \u001b[36m304\u001b[0m 2.606 ms - -\u001b[0m","timestamp":"2025-04-24 11:07:42"}
{"level":"info","message":"\u001b[0mGET /Public/images/property-3.jpg \u001b[36m304\u001b[0m 4.017 ms - -\u001b[0m","timestamp":"2025-04-24 11:07:42"}
{"level":"info","message":"\u001b[0mGET /Public/images/property-4.jpg \u001b[36m304\u001b[0m 2.547 ms - -\u001b[0m","timestamp":"2025-04-24 11:07:42"}
{"level":"info","message":"\u001b[0mGET /Public/images/property-5.jpg \u001b[36m304\u001b[0m 2.293 ms - -\u001b[0m","timestamp":"2025-04-24 11:07:42"}
{"level":"info","message":"\u001b[0mGET /Public/images/favicon.svg \u001b[36m304\u001b[0m 5.360 ms - -\u001b[0m","timestamp":"2025-04-24 11:07:42"}
{"level":"info","message":"Initializing database connection...","timestamp":"2025-04-24 11:10:23"}
{"level":"info","message":"Testing database connection...","timestamp":"2025-04-24 11:10:23"}
{"level":"info","message":"Database connection test passed","timestamp":"2025-04-24 11:10:23"}
{"level":"info","message":"Server successfully started on port 8000","timestamp":"2025-04-24 11:10:23"}
{"level":"info","message":"\u001b[0mGET / \u001b[32m200\u001b[0m 18.686 ms - 5047\u001b[0m","timestamp":"2025-04-24 11:10:30"}
{"level":"info","message":"\u001b[0mGET /Public/stylesheet/index.css \u001b[36m304\u001b[0m 3.929 ms - -\u001b[0m","timestamp":"2025-04-24 11:10:30"}
{"level":"info","message":"\u001b[0mGET /Public/images/Black%20Gold%20Elegant%20Simple%20Real%20Estate%20Logo%20(1).png \u001b[36m304\u001b[0m 4.370 ms - -\u001b[0m","timestamp":"2025-04-24 11:10:30"}
{"level":"info","message":"\u001b[0mGET /Public/images/hero.png \u001b[36m304\u001b[0m 3.994 ms - -\u001b[0m","timestamp":"2025-04-24 11:10:30"}
{"level":"info","message":"\u001b[0mGET /Public/images/property-1.jpg \u001b[36m304\u001b[0m 3.438 ms - -\u001b[0m","timestamp":"2025-04-24 11:10:30"}
{"level":"info","message":"\u001b[0mGET /valuate \u001b[36m304\u001b[0m 6.442 ms - -\u001b[0m","timestamp":"2025-04-24 11:10:39"}
{"level":"info","message":"\u001b[0mGET /Public/stylesheet/valuate.css \u001b[36m304\u001b[0m 1.437 ms - -\u001b[0m","timestamp":"2025-04-24 11:10:39"}
{"level":"info","message":"\u001b[0mGET /about \u001b[36m304\u001b[0m 2.274 ms - -\u001b[0m","timestamp":"2025-04-24 11:14:06"}
{"level":"info","message":"\u001b[0mGET /Public/stylesheet/about.css \u001b[36m304\u001b[0m 2.975 ms - -\u001b[0m","timestamp":"2025-04-24 11:14:06"}
{"level":"info","message":"\u001b[0mGET /Public/images/Logo%20maker%20project.png \u001b[36m304\u001b[0m 3.724 ms - -\u001b[0m","timestamp":"2025-04-24 11:14:06"}
{"level":"info","message":"\u001b[0mGET /public/images/property-1.jpg \u001b[36m304\u001b[0m 5.348 ms - -\u001b[0m","timestamp":"2025-04-24 11:14:06"}
{"level":"info","message":"\u001b[0mGET /Public/images/property-7.jpg \u001b[36m304\u001b[0m 5.112 ms - -\u001b[0m","timestamp":"2025-04-24 11:14:06"}
{"level":"info","message":"\u001b[0mGET /Public/images/property-2.jpg \u001b[36m304\u001b[0m 2.844 ms - -\u001b[0m","timestamp":"2025-04-24 11:14:06"}
{"level":"info","message":"\u001b[0mGET /Public/images/property-3.jpg \u001b[36m304\u001b[0m 2.872 ms - -\u001b[0m","timestamp":"2025-04-24 11:14:06"}
{"level":"info","message":"\u001b[0mGET /Public/images/property-4.jpg \u001b[36m304\u001b[0m 2.425 ms - -\u001b[0m","timestamp":"2025-04-24 11:14:06"}
{"level":"info","message":"\u001b[0mGET /Public/images/property-5.jpg \u001b[36m304\u001b[0m 2.512 ms - -\u001b[0m","timestamp":"2025-04-24 11:14:06"}
{"level":"info","message":"\u001b[0mGET /Public/images/favicon.svg \u001b[36m304\u001b[0m 2.414 ms - -\u001b[0m","timestamp":"2025-04-24 11:14:06"}
{"level":"info","message":"\u001b[0mGET /admin \u001b[33m401\u001b[0m 2.801 ms - 199\u001b[0m","timestamp":"2025-04-24 11:14:07"}
{"level":"info","message":"\u001b[0mGET /admin/users \u001b[33m401\u001b[0m 2.607 ms - 199\u001b[0m","timestamp":"2025-04-24 11:14:11"}
{"level":"info","message":"\u001b[0mGET /login \u001b[32m200\u001b[0m 2.990 ms - 1093\u001b[0m","timestamp":"2025-04-24 11:14:13"}
{"level":"info","message":"\u001b[0mGET /Public/stylesheet/login.css \u001b[36m304\u001b[0m 1.083 ms - -\u001b[0m","timestamp":"2025-04-24 11:14:13"}
{"level":"warn","message":"404 Not Found: GET /home/destro/End/Public/images/home_18031529.png","timestamp":"2025-04-24 11:14:13"}
{"level":"info","message":"\u001b[0mGET /home/destro/End/Public/images/home_18031529.png \u001b[33m404\u001b[0m 2.693 ms - 181\u001b[0m","timestamp":"2025-04-24 11:14:13"}
{"level":"error","message":"Error [2e972ec3-efa3-4504-a2e1-a080b227c476]: ForbiddenError: invalid csrf token\n    at csrf (C:\\Users\\Administrator\\source\\repos\\End-project\\node_modules\\csurf\\index.js:112:19)\n    at Layer.handleRequest (C:\\Users\\Administrator\\source\\repos\\End-project\\node_modules\\router\\lib\\layer.js:152:17)\n    at trimPrefix (C:\\Users\\Administrator\\source\\repos\\End-project\\node_modules\\router\\index.js:342:13)\n    at C:\\Users\\Administrator\\source\\repos\\End-project\\node_modules\\router\\index.js:297:9\n    at processParams (C:\\Users\\Administrator\\source\\repos\\End-project\\node_modules\\router\\index.js:582:12)\n    at next (C:\\Users\\Administrator\\source\\repos\\End-project\\node_modules\\router\\index.js:291:5)\n    at C:\\Users\\Administrator\\source\\repos\\End-project\\node_modules\\express-session\\index.js:514:7\n    at C:\\Users\\Administrator\\source\\repos\\End-project\\node_modules\\express-mysql-session\\index.js:435:38\n    at process.processTicksAndRejections (node:internal/process/task_queues:105:5)","timestamp":"2025-04-24 11:14:15"}
{"level":"info","message":"\u001b[0mGET /login \u001b[32m200\u001b[0m 4.016 ms - 1184\u001b[0m","timestamp":"2025-04-24 11:18:10"}
{"level":"info","message":"\u001b[0mGET /Public/stylesheet/login.css \u001b[36m304\u001b[0m 1.378 ms - -\u001b[0m","timestamp":"2025-04-24 11:18:10"}
{"level":"error","message":"Error [e6938349-a8bd-4c0b-ba8d-c91b13b957b1]: ForbiddenError: invalid csrf token\n    at csrf (C:\\Users\\Administrator\\source\\repos\\End-project\\node_modules\\csurf\\index.js:112:19)\n    at Layer.handleRequest (C:\\Users\\Administrator\\source\\repos\\End-project\\node_modules\\router\\lib\\layer.js:152:17)\n    at trimPrefix (C:\\Users\\Administrator\\source\\repos\\End-project\\node_modules\\router\\index.js:342:13)\n    at C:\\Users\\Administrator\\source\\repos\\End-project\\node_modules\\router\\index.js:297:9\n    at processParams (C:\\Users\\Administrator\\source\\repos\\End-project\\node_modules\\router\\index.js:582:12)\n    at next (C:\\Users\\Administrator\\source\\repos\\End-project\\node_modules\\router\\index.js:291:5)\n    at C:\\Users\\Administrator\\source\\repos\\End-project\\node_modules\\express-session\\index.js:514:7\n    at C:\\Users\\Administrator\\source\\repos\\End-project\\node_modules\\express-mysql-session\\index.js:435:38\n    at process.processTicksAndRejections (node:internal/process/task_queues:105:5)","timestamp":"2025-04-24 11:18:11"}
{"level":"info","message":"\u001b[0mGET /login \u001b[32m200\u001b[0m 2.607 ms - 1184\u001b[0m","timestamp":"2025-04-24 11:31:49"}
{"level":"info","message":"\u001b[0mGET /Public/stylesheet/login.css \u001b[36m304\u001b[0m 0.959 ms - -\u001b[0m","timestamp":"2025-04-24 11:31:49"}
{"level":"warn","message":"404 Not Found: GET /signup","timestamp":"2025-04-24 11:31:51"}
{"level":"info","message":"\u001b[0mGET /signup \u001b[33m404\u001b[0m 4.287 ms - 181\u001b[0m","timestamp":"2025-04-24 11:31:51"}
{"level":"warn","message":"404 Not Found: GET /signup","timestamp":"2025-04-24 11:31:55"}
{"level":"info","message":"\u001b[0mGET /signup \u001b[33m404\u001b[0m 5.094 ms - 181\u001b[0m","timestamp":"2025-04-24 11:31:55"}
{"level":"info","message":"\u001b[0mGET /auth/signup \u001b[32m200\u001b[0m 3.456 ms - 11197\u001b[0m","timestamp":"2025-04-24 11:32:13"}
{"level":"info","message":"\u001b[0mGET /Public/stylesheet/signup.css \u001b[36m304\u001b[0m 2.806 ms - -\u001b[0m","timestamp":"2025-04-24 11:32:13"}
{"level":"warn","message":"404 Not Found: GET /auth/favicon.svg","timestamp":"2025-04-24 11:32:13"}
{"level":"info","message":"\u001b[0mGET /auth/favicon.svg \u001b[33m404\u001b[0m 2.447 ms - 181\u001b[0m","timestamp":"2025-04-24 11:32:13"}
{"level":"info","message":"\u001b[0mGET /login \u001b[32m200\u001b[0m 1.743 ms - 1189\u001b[0m","timestamp":"2025-04-24 11:32:35"}
{"level":"info","message":"\u001b[0mGET /Public/stylesheet/login.css \u001b[36m304\u001b[0m 0.693 ms - -\u001b[0m","timestamp":"2025-04-24 11:32:35"}
{"level":"info","message":"\u001b[0mGET /auth/signup \u001b[32m200\u001b[0m 2.309 ms - 11197\u001b[0m","timestamp":"2025-04-24 11:32:36"}
{"level":"info","message":"\u001b[0mGET /Public/stylesheet/signup.css \u001b[36m304\u001b[0m 5.293 ms - -\u001b[0m","timestamp":"2025-04-24 11:32:36"}
{"level":"info","message":"Initializing database connection...","timestamp":"2025-04-24 11:39:02"}
{"level":"info","message":"Testing database connection...","timestamp":"2025-04-24 11:39:02"}
{"level":"info","message":"Database connection test passed","timestamp":"2025-04-24 11:39:02"}
{"level":"info","message":"Server successfully started on port 8000","timestamp":"2025-04-24 11:39:02"}
{"level":"info","message":"\u001b[0mGET /login \u001b[32m200\u001b[0m 20.303 ms - 1189\u001b[0m","timestamp":"2025-04-24 11:39:07"}
{"level":"info","message":"\u001b[0mGET /Public/stylesheet/login.css \u001b[36m304\u001b[0m 3.848 ms - -\u001b[0m","timestamp":"2025-04-24 11:39:07"}
{"level":"error","message":"Error [573dc8e9-6d60-4766-adc4-bdb863b4d6c4]: ForbiddenError: invalid csrf token\n    at csrf (C:\\Users\\Administrator\\source\\repos\\End-project\\node_modules\\csurf\\index.js:112:19)\n    at Layer.handleRequest (C:\\Users\\Administrator\\source\\repos\\End-project\\node_modules\\router\\lib\\layer.js:152:17)\n    at trimPrefix (C:\\Users\\Administrator\\source\\repos\\End-project\\node_modules\\router\\index.js:342:13)\n    at C:\\Users\\Administrator\\source\\repos\\End-project\\node_modules\\router\\index.js:297:9\n    at processParams (C:\\Users\\Administrator\\source\\repos\\End-project\\node_modules\\router\\index.js:582:12)\n    at next (C:\\Users\\Administrator\\source\\repos\\End-project\\node_modules\\router\\index.js:291:5)\n    at C:\\Users\\Administrator\\source\\repos\\End-project\\node_modules\\express-session\\index.js:514:7\n    at C:\\Users\\Administrator\\source\\repos\\End-project\\node_modules\\express-mysql-session\\index.js:435:38\n    at process.processTicksAndRejections (node:internal/process/task_queues:105:5)","timestamp":"2025-04-24 11:39:08"}
{"level":"info","message":"\u001b[0mGET /login \u001b[32m200\u001b[0m 2.823 ms - 1189\u001b[0m","timestamp":"2025-04-24 11:39:09"}
{"level":"info","message":"\u001b[0mGET /Public/stylesheet/login.css \u001b[36m304\u001b[0m 1.470 ms - -\u001b[0m","timestamp":"2025-04-24 11:39:09"}
{"level":"error","message":"Error [309b1246-be10-41c8-b67e-f8363669c77a]: ForbiddenError: invalid csrf token\n    at csrf (C:\\Users\\Administrator\\source\\repos\\End-project\\node_modules\\csurf\\index.js:112:19)\n    at Layer.handleRequest (C:\\Users\\Administrator\\source\\repos\\End-project\\node_modules\\router\\lib\\layer.js:152:17)\n    at trimPrefix (C:\\Users\\Administrator\\source\\repos\\End-project\\node_modules\\router\\index.js:342:13)\n    at C:\\Users\\Administrator\\source\\repos\\End-project\\node_modules\\router\\index.js:297:9\n    at processParams (C:\\Users\\Administrator\\source\\repos\\End-project\\node_modules\\router\\index.js:582:12)\n    at next (C:\\Users\\Administrator\\source\\repos\\End-project\\node_modules\\router\\index.js:291:5)\n    at C:\\Users\\Administrator\\source\\repos\\End-project\\node_modules\\express-session\\index.js:514:7\n    at C:\\Users\\Administrator\\source\\repos\\End-project\\node_modules\\express-mysql-session\\index.js:435:38\n    at process.processTicksAndRejections (node:internal/process/task_queues:105:5)","timestamp":"2025-04-24 11:39:10"}
{"level":"info","message":"Initializing database connection...","timestamp":"2025-04-24 14:04:20"}
{"level":"info","message":"Testing database connection...","timestamp":"2025-04-24 14:04:20"}
{"level":"info","message":"Database connection test passed","timestamp":"2025-04-24 14:04:20"}
{"level":"info","message":"Server successfully started on port 8000","timestamp":"2025-04-24 14:04:20"}
{"level":"info","message":"\u001b[0mGET / \u001b[32m200\u001b[0m 20.243 ms - 5047\u001b[0m","timestamp":"2025-04-24 14:04:30"}
{"level":"info","message":"\u001b[0mGET /Public/stylesheet/index.css \u001b[32m200\u001b[0m 18.002 ms - 3625\u001b[0m","timestamp":"2025-04-24 14:04:31"}
{"level":"info","message":"\u001b[0mGET /Public/images/Black%20Gold%20Elegant%20Simple%20Real%20Estate%20Logo%20(1).png \u001b[32m200\u001b[0m 16.752 ms - 16993\u001b[0m","timestamp":"2025-04-24 14:04:31"}
{"level":"info","message":"\u001b[0mGET /Public/images/hero.png \u001b[32m200\u001b[0m 20.671 ms - 197257\u001b[0m","timestamp":"2025-04-24 14:04:31"}
{"level":"info","message":"\u001b[0mGET /Public/images/property-1.jpg \u001b[32m200\u001b[0m 4.578 ms - 119920\u001b[0m","timestamp":"2025-04-24 14:04:31"}
{"level":"info","message":"\u001b[0mGET /login \u001b[32m200\u001b[0m 5.165 ms - 1189\u001b[0m","timestamp":"2025-04-24 14:04:36"}
{"level":"info","message":"\u001b[0mGET /Public/stylesheet/login.css \u001b[32m200\u001b[0m 2.301 ms - 1583\u001b[0m","timestamp":"2025-04-24 14:04:36"}
{"level":"warn","message":"404 Not Found: GET /home/destro/End/Public/images/home_18031529.png","timestamp":"2025-04-24 14:04:36"}
{"level":"info","message":"\u001b[0mGET /home/destro/End/Public/images/home_18031529.png \u001b[33m404\u001b[0m 5.274 ms - 181\u001b[0m","timestamp":"2025-04-24 14:04:36"}
{"level":"error","message":"Error [6ca6bfff-cb0c-48fd-97f4-03a2c52488ef]: ForbiddenError: invalid csrf token\n    at csrf (C:\\Users\\Administrator\\source\\repos\\End-project\\node_modules\\csurf\\index.js:112:19)\n    at Layer.handleRequest (C:\\Users\\Administrator\\source\\repos\\End-project\\node_modules\\router\\lib\\layer.js:152:17)\n    at trimPrefix (C:\\Users\\Administrator\\source\\repos\\End-project\\node_modules\\router\\index.js:342:13)\n    at C:\\Users\\Administrator\\source\\repos\\End-project\\node_modules\\router\\index.js:297:9\n    at processParams (C:\\Users\\Administrator\\source\\repos\\End-project\\node_modules\\router\\index.js:582:12)\n    at next (C:\\Users\\Administrator\\source\\repos\\End-project\\node_modules\\router\\index.js:291:5)\n    at C:\\Users\\Administrator\\source\\repos\\End-project\\node_modules\\express-session\\index.js:514:7\n    at C:\\Users\\Administrator\\source\\repos\\End-project\\node_modules\\express-mysql-session\\index.js:435:38\n    at process.processTicksAndRejections (node:internal/process/task_queues:105:5)","timestamp":"2025-04-24 14:04:37"}
{"level":"warn","message":"404 Not Found: GET /favicon.ico","timestamp":"2025-04-24 14:04:37"}
{"level":"info","message":"\u001b[0mGET /favicon.ico \u001b[33m404\u001b[0m 4.846 ms - 181\u001b[0m","timestamp":"2025-04-24 14:04:37"}
{"level":"info","message":"Initializing database connection...","timestamp":"2025-04-24 14:11:26"}
{"level":"info","message":"Testing database connection...","timestamp":"2025-04-24 14:11:26"}
{"level":"info","message":"Database connection test passed","timestamp":"2025-04-24 14:11:26"}
{"level":"info","message":"Server successfully started on port 8000","timestamp":"2025-04-24 14:11:26"}
{"level":"error","message":"Error [0908d7ae-6244-4b24-81fd-188a1a980580]: TypeError: req.csrfToken is not a function\n    at C:\\Users\\Administrator\\source\\repos\\End-project\\router\\AuthRoutes\\router.js:32:32\n    at Layer.handleRequest (C:\\Users\\Administrator\\source\\repos\\End-project\\node_modules\\router\\lib\\layer.js:152:17)\n    at trimPrefix (C:\\Users\\Administrator\\source\\repos\\End-project\\node_modules\\router\\index.js:342:13)\n    at C:\\Users\\Administrator\\source\\repos\\End-project\\node_modules\\router\\index.js:297:9\n    at processParams (C:\\Users\\Administrator\\source\\repos\\End-project\\node_modules\\router\\index.js:582:12)\n    at next (C:\\Users\\Administrator\\source\\repos\\End-project\\node_modules\\router\\index.js:291:5)\n    at C:\\Users\\Administrator\\source\\repos\\End-project\\router\\AuthRoutes\\router.js:26:9\n    at Layer.handleRequest (C:\\Users\\Administrator\\source\\repos\\End-project\\node_modules\\router\\lib\\layer.js:152:17)\n    at trimPrefix (C:\\Users\\Administrator\\source\\repos\\End-project\\node_modules\\router\\index.js:342:13)\n    at C:\\Users\\Administrator\\source\\repos\\End-project\\node_modules\\router\\index.js:297:9","timestamp":"2025-04-24 14:11:37"}
{"level":"info","message":"\u001b[0mGET /login \u001b[31m500\u001b[0m 22.589 ms - 198\u001b[0m","timestamp":"2025-04-24 14:11:37"}
{"level":"error","message":"Error [c60354c3-1f7b-4323-9af9-438c85abe691]: TypeError: req.csrfToken is not a function\n    at C:\\Users\\Administrator\\source\\repos\\End-project\\router\\AuthRoutes\\router.js:32:32\n    at Layer.handleRequest (C:\\Users\\Administrator\\source\\repos\\End-project\\node_modules\\router\\lib\\layer.js:152:17)\n    at trimPrefix (C:\\Users\\Administrator\\source\\repos\\End-project\\node_modules\\router\\index.js:342:13)\n    at C:\\Users\\Administrator\\source\\repos\\End-project\\node_modules\\router\\index.js:297:9\n    at processParams (C:\\Users\\Administrator\\source\\repos\\End-project\\node_modules\\router\\index.js:582:12)\n    at next (C:\\Users\\Administrator\\source\\repos\\End-project\\node_modules\\router\\index.js:291:5)\n    at C:\\Users\\Administrator\\source\\repos\\End-project\\router\\AuthRoutes\\router.js:26:9\n    at Layer.handleRequest (C:\\Users\\Administrator\\source\\repos\\End-project\\node_modules\\router\\lib\\layer.js:152:17)\n    at trimPrefix (C:\\Users\\Administrator\\source\\repos\\End-project\\node_modules\\router\\index.js:342:13)\n    at C:\\Users\\Administrator\\source\\repos\\End-project\\node_modules\\router\\index.js:297:9","timestamp":"2025-04-24 14:15:52"}
{"level":"info","message":"\u001b[0mGET /login \u001b[31m500\u001b[0m 10.733 ms - 198\u001b[0m","timestamp":"2025-04-24 14:15:52"}
{"level":"error","message":"Error [cea9dcd6-1eef-465f-ac98-d0df94cd7a75]: TypeError: req.csrfToken is not a function\n    at C:\\Users\\Administrator\\source\\repos\\End-project\\router\\AuthRoutes\\router.js:32:32\n    at Layer.handleRequest (C:\\Users\\Administrator\\source\\repos\\End-project\\node_modules\\router\\lib\\layer.js:152:17)\n    at trimPrefix (C:\\Users\\Administrator\\source\\repos\\End-project\\node_modules\\router\\index.js:342:13)\n    at C:\\Users\\Administrator\\source\\repos\\End-project\\node_modules\\router\\index.js:297:9\n    at processParams (C:\\Users\\Administrator\\source\\repos\\End-project\\node_modules\\router\\index.js:582:12)\n    at next (C:\\Users\\Administrator\\source\\repos\\End-project\\node_modules\\router\\index.js:291:5)\n    at C:\\Users\\Administrator\\source\\repos\\End-project\\router\\AuthRoutes\\router.js:26:9\n    at Layer.handleRequest (C:\\Users\\Administrator\\source\\repos\\End-project\\node_modules\\router\\lib\\layer.js:152:17)\n    at trimPrefix (C:\\Users\\Administrator\\source\\repos\\End-project\\node_modules\\router\\index.js:342:13)\n    at C:\\Users\\Administrator\\source\\repos\\End-project\\node_modules\\router\\index.js:297:9","timestamp":"2025-04-24 14:16:00"}
{"level":"info","message":"\u001b[0mGET / \u001b[31m500\u001b[0m 5.730 ms - 198\u001b[0m","timestamp":"2025-04-24 14:16:00"}
{"level":"error","message":"Error [4ca81c16-6656-4d11-9d82-d47c61db4456]: TypeError: req.csrfToken is not a function\n    at C:\\Users\\Administrator\\source\\repos\\End-project\\router\\AuthRoutes\\router.js:32:32\n    at Layer.handleRequest (C:\\Users\\Administrator\\source\\repos\\End-project\\node_modules\\router\\lib\\layer.js:152:17)\n    at trimPrefix (C:\\Users\\Administrator\\source\\repos\\End-project\\node_modules\\router\\index.js:342:13)\n    at C:\\Users\\Administrator\\source\\repos\\End-project\\node_modules\\router\\index.js:297:9\n    at processParams (C:\\Users\\Administrator\\source\\repos\\End-project\\node_modules\\router\\index.js:582:12)\n    at next (C:\\Users\\Administrator\\source\\repos\\End-project\\node_modules\\router\\index.js:291:5)\n    at C:\\Users\\Administrator\\source\\repos\\End-project\\router\\AuthRoutes\\router.js:26:9\n    at Layer.handleRequest (C:\\Users\\Administrator\\source\\repos\\End-project\\node_modules\\router\\lib\\layer.js:152:17)\n    at trimPrefix (C:\\Users\\Administrator\\source\\repos\\End-project\\node_modules\\router\\index.js:342:13)\n    at C:\\Users\\Administrator\\source\\repos\\End-project\\node_modules\\router\\index.js:297:9","timestamp":"2025-04-24 14:16:01"}
{"level":"info","message":"\u001b[0mGET / \u001b[31m500\u001b[0m 5.734 ms - 198\u001b[0m","timestamp":"2025-04-24 14:16:01"}
{"level":"info","message":"Initializing database connection...","timestamp":"2025-04-24 14:16:11"}
{"level":"info","message":"Testing database connection...","timestamp":"2025-04-24 14:16:11"}
{"level":"info","message":"Database connection test passed","timestamp":"2025-04-24 14:16:11"}
{"level":"info","message":"Server successfully started on port 8000","timestamp":"2025-04-24 14:16:11"}
{"level":"error","message":"Error [654a7e76-5559-4666-aeb5-6c527dd135b2]: TypeError: req.csrfToken is not a function\n    at C:\\Users\\Administrator\\source\\repos\\End-project\\router\\AuthRoutes\\router.js:32:32\n    at Layer.handleRequest (C:\\Users\\Administrator\\source\\repos\\End-project\\node_modules\\router\\lib\\layer.js:152:17)\n    at trimPrefix (C:\\Users\\Administrator\\source\\repos\\End-project\\node_modules\\router\\index.js:342:13)\n    at C:\\Users\\Administrator\\source\\repos\\End-project\\node_modules\\router\\index.js:297:9\n    at processParams (C:\\Users\\Administrator\\source\\repos\\End-project\\node_modules\\router\\index.js:582:12)\n    at next (C:\\Users\\Administrator\\source\\repos\\End-project\\node_modules\\router\\index.js:291:5)\n    at C:\\Users\\Administrator\\source\\repos\\End-project\\router\\AuthRoutes\\router.js:26:9\n    at Layer.handleRequest (C:\\Users\\Administrator\\source\\repos\\End-project\\node_modules\\router\\lib\\layer.js:152:17)\n    at trimPrefix (C:\\Users\\Administrator\\source\\repos\\End-project\\node_modules\\router\\index.js:342:13)\n    at C:\\Users\\Administrator\\source\\repos\\End-project\\node_modules\\router\\index.js:297:9","timestamp":"2025-04-24 14:16:15"}
{"level":"info","message":"\u001b[0mGET /about \u001b[31m500\u001b[0m 22.413 ms - 198\u001b[0m","timestamp":"2025-04-24 14:16:15"}
{"level":"error","message":"Error [d9775a45-35b7-4c9f-8eb5-165f8d472472]: TypeError: req.csrfToken is not a function\n    at C:\\Users\\Administrator\\source\\repos\\End-project\\router\\AuthRoutes\\router.js:32:32\n    at Layer.handleRequest (C:\\Users\\Administrator\\source\\repos\\End-project\\node_modules\\router\\lib\\layer.js:152:17)\n    at trimPrefix (C:\\Users\\Administrator\\source\\repos\\End-project\\node_modules\\router\\index.js:342:13)\n    at C:\\Users\\Administrator\\source\\repos\\End-project\\node_modules\\router\\index.js:297:9\n    at processParams (C:\\Users\\Administrator\\source\\repos\\End-project\\node_modules\\router\\index.js:582:12)\n    at next (C:\\Users\\Administrator\\source\\repos\\End-project\\node_modules\\router\\index.js:291:5)\n    at C:\\Users\\Administrator\\source\\repos\\End-project\\router\\AuthRoutes\\router.js:26:9\n    at Layer.handleRequest (C:\\Users\\Administrator\\source\\repos\\End-project\\node_modules\\router\\lib\\layer.js:152:17)\n    at trimPrefix (C:\\Users\\Administrator\\source\\repos\\End-project\\node_modules\\router\\index.js:342:13)\n    at C:\\Users\\Administrator\\source\\repos\\End-project\\node_modules\\router\\index.js:297:9","timestamp":"2025-04-24 14:16:17"}
{"level":"info","message":"\u001b[0mGET /about \u001b[31m500\u001b[0m 5.845 ms - 198\u001b[0m","timestamp":"2025-04-24 14:16:17"}
{"level":"info","message":"Initializing database connection...","timestamp":"2025-04-24 14:17:37"}
{"level":"info","message":"Testing database connection...","timestamp":"2025-04-24 14:17:37"}
{"level":"info","message":"Database connection test passed","timestamp":"2025-04-24 14:17:38"}
{"level":"info","message":"Server successfully started on port 8000","timestamp":"2025-04-24 14:17:38"}
{"level":"info","message":"\u001b[0mGET /about \u001b[32m200\u001b[0m 17.375 ms - 6064\u001b[0m","timestamp":"2025-04-24 14:17:46"}
{"level":"info","message":"\u001b[0mGET /Public/stylesheet/about.css \u001b[32m200\u001b[0m 18.050 ms - 3085\u001b[0m","timestamp":"2025-04-24 14:17:46"}
{"level":"info","message":"\u001b[0mGET /Public/images/property-7.jpg \u001b[32m200\u001b[0m 11.266 ms - 79004\u001b[0m","timestamp":"2025-04-24 14:17:46"}
{"level":"info","message":"\u001b[0mGET /Public/images/property-2.jpg \u001b[32m200\u001b[0m 13.883 ms - 45999\u001b[0m","timestamp":"2025-04-24 14:17:46"}
{"level":"info","message":"\u001b[0mGET /Public/images/Logo%20maker%20project.png \u001b[32m200\u001b[0m 16.731 ms - 21615\u001b[0m","timestamp":"2025-04-24 14:17:46"}
{"level":"info","message":"\u001b[0mGET /Public/images/property-3.jpg \u001b[32m200\u001b[0m 19.494 ms - 119979\u001b[0m","timestamp":"2025-04-24 14:17:46"}
{"level":"info","message":"\u001b[0mGET /public/images/property-1.jpg \u001b[32m200\u001b[0m 27.811 ms - 119920\u001b[0m","timestamp":"2025-04-24 14:17:46"}
{"level":"info","message":"\u001b[0mGET /Public/images/property-4.jpg \u001b[32m200\u001b[0m 68.818 ms - 112341\u001b[0m","timestamp":"2025-04-24 14:17:46"}
{"level":"info","message":"\u001b[0mGET /Public/images/favicon.svg \u001b[32m200\u001b[0m 43.137 ms - 813\u001b[0m","timestamp":"2025-04-24 14:17:46"}
{"level":"info","message":"\u001b[0mGET /Public/images/property-5.jpg \u001b[32m200\u001b[0m 65.447 ms - 142129\u001b[0m","timestamp":"2025-04-24 14:17:46"}
{"level":"info","message":"\u001b[0mGET /login \u001b[32m200\u001b[0m 4.175 ms - 1097\u001b[0m","timestamp":"2025-04-24 14:17:48"}
{"level":"info","message":"\u001b[0mGET /Public/stylesheet/login.css \u001b[36m304\u001b[0m 2.244 ms - -\u001b[0m","timestamp":"2025-04-24 14:17:48"}
{"level":"warn","message":"CORS blocked for origin: http://localhost:8000","timestamp":"2025-04-24 14:17:49"}
{"level":"error","message":"Error [7ce12642-0668-42a1-9220-4b79421cb470]: Error: Not allowed by CORS\n    at origin (C:\\Users\\Administrator\\source\\repos\\End-project\\server.js:347:22)\n    at C:\\Users\\Administrator\\source\\repos\\End-project\\node_modules\\cors\\lib\\index.js:219:13\n    at optionsCallback (C:\\Users\\Administrator\\source\\repos\\End-project\\node_modules\\cors\\lib\\index.js:199:9)\n    at corsMiddleware (C:\\Users\\Administrator\\source\\repos\\End-project\\node_modules\\cors\\lib\\index.js:204:7)\n    at Layer.handleRequest (C:\\Users\\Administrator\\source\\repos\\End-project\\node_modules\\router\\lib\\layer.js:152:17)\n    at trimPrefix (C:\\Users\\Administrator\\source\\repos\\End-project\\node_modules\\router\\index.js:342:13)\n    at C:\\Users\\Administrator\\source\\repos\\End-project\\node_modules\\router\\index.js:297:9\n    at processParams (C:\\Users\\Administrator\\source\\repos\\End-project\\node_modules\\router\\index.js:582:12)\n    at next (C:\\Users\\Administrator\\source\\repos\\End-project\\node_modules\\router\\index.js:291:5)\n    at C:\\Users\\Administrator\\source\\repos\\End-project\\server.js:337:5","timestamp":"2025-04-24 14:17:49"}
{"level":"info","message":"\u001b[0mPOST /login \u001b[31m500\u001b[0m 5.746 ms - 186\u001b[0m","timestamp":"2025-04-24 14:17:49"}
{"level":"info","message":"Initializing database connection...","timestamp":"2025-04-24 16:36:38"}
{"level":"info","message":"Testing database connection...","timestamp":"2025-04-24 16:36:38"}
{"level":"info","message":"Database connection test passed","timestamp":"2025-04-24 16:36:38"}
{"level":"info","message":"Server successfully started on port 8000","timestamp":"2025-04-24 16:36:38"}
{"level":"warn","message":"CORS blocked for origin: http://localhost:8000","timestamp":"2025-04-24 16:41:12"}
{"level":"error","message":"Error [0b1e0f14-3ae1-4daa-8424-49fdaacdf104]: Error: Not allowed by CORS\n    at origin (C:\\Users\\Administrator\\source\\repos\\End-project\\server.js:347:22)\n    at C:\\Users\\Administrator\\source\\repos\\End-project\\node_modules\\cors\\lib\\index.js:219:13\n    at optionsCallback (C:\\Users\\Administrator\\source\\repos\\End-project\\node_modules\\cors\\lib\\index.js:199:9)\n    at corsMiddleware (C:\\Users\\Administrator\\source\\repos\\End-project\\node_modules\\cors\\lib\\index.js:204:7)\n    at Layer.handleRequest (C:\\Users\\Administrator\\source\\repos\\End-project\\node_modules\\router\\lib\\layer.js:152:17)\n    at trimPrefix (C:\\Users\\Administrator\\source\\repos\\End-project\\node_modules\\router\\index.js:342:13)\n    at C:\\Users\\Administrator\\source\\repos\\End-project\\node_modules\\router\\index.js:297:9\n    at processParams (C:\\Users\\Administrator\\source\\repos\\End-project\\node_modules\\router\\index.js:582:12)\n    at next (C:\\Users\\Administrator\\source\\repos\\End-project\\node_modules\\router\\index.js:291:5)\n    at C:\\Users\\Administrator\\source\\repos\\End-project\\server.js:337:5","timestamp":"2025-04-24 16:41:12"}
{"level":"info","message":"\u001b[0mPOST /login \u001b[31m500\u001b[0m 19.361 ms - 186\u001b[0m","timestamp":"2025-04-24 16:41:12"}
{"level":"info","message":"Initializing database connection...","timestamp":"2025-04-24 16:47:27"}
{"level":"info","message":"Testing database connection...","timestamp":"2025-04-24 16:47:27"}
{"level":"info","message":"Database connection test passed","timestamp":"2025-04-24 16:47:27"}
{"level":"info","message":"Server successfully started on port 8000","timestamp":"2025-04-24 16:47:27"}
{"level":"info","message":"\u001b[0mGET /login \u001b[36m304\u001b[0m 13.130 ms - -\u001b[0m","timestamp":"2025-04-24 16:47:33"}
{"level":"info","message":"\u001b[0mGET /Public/stylesheet/login.css \u001b[36m304\u001b[0m 3.640 ms - -\u001b[0m","timestamp":"2025-04-24 16:47:33"}
{"level":"info","message":"\u001b[0mPOST /login \u001b[36m302\u001b[0m 7.335 ms - 34\u001b[0m","timestamp":"2025-04-24 16:47:34"}
{"level":"info","message":"\u001b[0mGET /login \u001b[32m200\u001b[0m 1.736 ms - 1097\u001b[0m","timestamp":"2025-04-24 16:47:34"}
{"level":"info","message":"\u001b[0mGET /Public/stylesheet/login.css \u001b[36m304\u001b[0m 1.817 ms - -\u001b[0m","timestamp":"2025-04-24 16:47:34"}
{"level":"info","message":"\u001b[0mPOST /login \u001b[36m302\u001b[0m 2.226 ms - 34\u001b[0m","timestamp":"2025-04-24 16:47:36"}
{"level":"info","message":"\u001b[0mGET /login \u001b[32m200\u001b[0m 1.513 ms - 1097\u001b[0m","timestamp":"2025-04-24 16:47:36"}
{"level":"info","message":"\u001b[0mGET /Public/stylesheet/login.css \u001b[36m304\u001b[0m 2.045 ms - -\u001b[0m","timestamp":"2025-04-24 16:47:36"}
{"level":"info","message":"\u001b[0mPOST /login \u001b[36m302\u001b[0m 2.091 ms - 34\u001b[0m","timestamp":"2025-04-24 16:47:41"}
{"level":"info","message":"\u001b[0mGET /login \u001b[32m200\u001b[0m 1.588 ms - 1097\u001b[0m","timestamp":"2025-04-24 16:47:41"}
{"level":"info","message":"\u001b[0mGET /Public/stylesheet/login.css \u001b[36m304\u001b[0m 5.048 ms - -\u001b[0m","timestamp":"2025-04-24 16:47:41"}
{"level":"info","message":"Initializing database connection...","timestamp":"2025-04-24 17:01:01"}
{"level":"info","message":"Testing database connection...","timestamp":"2025-04-24 17:01:01"}
{"level":"info","message":"Database connection test passed","timestamp":"2025-04-24 17:01:01"}
{"level":"info","message":"Server successfully started on port 8000","timestamp":"2025-04-24 17:01:01"}
{"level":"info","message":"\u001b[0mGET /login \u001b[36m304\u001b[0m 15.572 ms - -\u001b[0m","timestamp":"2025-04-24 17:01:04"}
{"level":"info","message":"\u001b[0mGET /Public/stylesheet/login.css \u001b[36m304\u001b[0m 4.426 ms - -\u001b[0m","timestamp":"2025-04-24 17:01:04"}
{"level":"info","message":"\u001b[0mPOST /login \u001b[36m302\u001b[0m 9.941 ms - 34\u001b[0m","timestamp":"2025-04-24 17:01:09"}
{"level":"info","message":"\u001b[0mGET /login \u001b[32m200\u001b[0m 6.658 ms - 1097\u001b[0m","timestamp":"2025-04-24 17:01:09"}
{"level":"info","message":"\u001b[0mGET /Public/stylesheet/login.css \u001b[36m304\u001b[0m 2.554 ms - -\u001b[0m","timestamp":"2025-04-24 17:01:09"}
{"level":"info","message":"Initializing database connection...","timestamp":"2025-04-24 17:03:42"}
{"level":"info","message":"Testing database connection...","timestamp":"2025-04-24 17:03:42"}
{"level":"info","message":"Database connection test passed","timestamp":"2025-04-24 17:03:42"}
{"level":"info","message":"Server successfully started on port 8000","timestamp":"2025-04-24 17:03:42"}
{"level":"info","message":"Initializing database connection...","timestamp":"2025-04-24 17:03:44"}
{"level":"info","message":"Testing database connection...","timestamp":"2025-04-24 17:03:44"}
{"level":"info","message":"Database connection test passed","timestamp":"2025-04-24 17:03:44"}
{"level":"info","message":"Server successfully started on port 8000","timestamp":"2025-04-24 17:03:44"}
{"level":"info","message":"\u001b[0mGET /login \u001b[36m304\u001b[0m 15.004 ms - -\u001b[0m","timestamp":"2025-04-24 17:03:47"}
{"level":"info","message":"\u001b[0mGET /Public/stylesheet/login.css \u001b[36m304\u001b[0m 9.512 ms - -\u001b[0m","timestamp":"2025-04-24 17:03:47"}
{"level":"info","message":"\u001b[0mGET /login \u001b[36m304\u001b[0m 2.530 ms - -\u001b[0m","timestamp":"2025-04-24 17:03:47"}
{"level":"info","message":"\u001b[0mGET /Public/stylesheet/login.css \u001b[36m304\u001b[0m 0.802 ms - -\u001b[0m","timestamp":"2025-04-24 17:03:47"}
{"level":"info","message":"\u001b[0mGET /login \u001b[36m304\u001b[0m 1.438 ms - -\u001b[0m","timestamp":"2025-04-24 17:03:48"}
{"level":"info","message":"\u001b[0mGET /Public/stylesheet/login.css \u001b[36m304\u001b[0m 0.861 ms - -\u001b[0m","timestamp":"2025-04-24 17:03:48"}
{"level":"info","message":"\u001b[0mGET /login \u001b[36m304\u001b[0m 1.187 ms - -\u001b[0m","timestamp":"2025-04-24 17:03:48"}
{"level":"info","message":"\u001b[0mGET /Public/stylesheet/login.css \u001b[36m304\u001b[0m 0.827 ms - -\u001b[0m","timestamp":"2025-04-24 17:03:48"}
{"level":"info","message":"\u001b[0mGET /login \u001b[36m304\u001b[0m 1.399 ms - -\u001b[0m","timestamp":"2025-04-24 17:03:48"}
{"level":"info","message":"\u001b[0mGET /Public/stylesheet/login.css \u001b[36m304\u001b[0m 0.727 ms - -\u001b[0m","timestamp":"2025-04-24 17:03:48"}
{"level":"info","message":"\u001b[0mGET /login \u001b[36m304\u001b[0m 1.989 ms - -\u001b[0m","timestamp":"2025-04-24 17:03:48"}
{"level":"info","message":"\u001b[0mGET /Public/stylesheet/login.css \u001b[36m304\u001b[0m 0.798 ms - -\u001b[0m","timestamp":"2025-04-24 17:03:48"}
{"level":"info","message":"\u001b[0mGET /login \u001b[36m304\u001b[0m 2.332 ms - -\u001b[0m","timestamp":"2025-04-24 17:03:48"}
{"level":"info","message":"\u001b[0mGET /Public/stylesheet/login.css \u001b[36m304\u001b[0m 0.836 ms - -\u001b[0m","timestamp":"2025-04-24 17:03:48"}
{"level":"info","message":"\u001b[0mPOST /login \u001b[36m302\u001b[0m 9.233 ms - 34\u001b[0m","timestamp":"2025-04-24 17:03:55"}
{"level":"info","message":"\u001b[0mGET /login \u001b[32m200\u001b[0m 1.720 ms - 1097\u001b[0m","timestamp":"2025-04-24 17:03:55"}
{"level":"info","message":"\u001b[0mGET /Public/stylesheet/login.css \u001b[36m304\u001b[0m 0.604 ms - -\u001b[0m","timestamp":"2025-04-24 17:03:55"}
{"level":"info","message":"\u001b[0mPOST /login \u001b[36m302\u001b[0m 2.543 ms - 34\u001b[0m","timestamp":"2025-04-24 17:03:59"}
{"level":"info","message":"\u001b[0mGET /login \u001b[32m200\u001b[0m 2.339 ms - 1097\u001b[0m","timestamp":"2025-04-24 17:03:59"}
{"level":"info","message":"\u001b[0mGET /Public/stylesheet/login.css \u001b[36m304\u001b[0m 1.715 ms - -\u001b[0m","timestamp":"2025-04-24 17:03:59"}
{"level":"info","message":"Initializing database connection...","timestamp":"2025-04-24 17:37:37"}
{"level":"info","message":"Testing database connection...","timestamp":"2025-04-24 17:37:37"}
{"level":"info","message":"Database connection test passed","timestamp":"2025-04-24 17:37:37"}
{"level":"info","message":"Server successfully started on port 8000","timestamp":"2025-04-24 17:37:37"}
{"level":"info","message":"\u001b[0mGET /login \u001b[36m304\u001b[0m 17.963 ms - -\u001b[0m","timestamp":"2025-04-24 17:37:43"}
{"level":"info","message":"\u001b[0mGET /Public/stylesheet/login.css \u001b[36m304\u001b[0m 3.512 ms - -\u001b[0m","timestamp":"2025-04-24 17:37:43"}
{"level":"info","message":"\u001b[0mPOST /login \u001b[36m302\u001b[0m 6.857 ms - 34\u001b[0m","timestamp":"2025-04-24 17:37:45"}
{"level":"info","message":"\u001b[0mGET /login \u001b[32m200\u001b[0m 1.564 ms - 1097\u001b[0m","timestamp":"2025-04-24 17:37:45"}
{"level":"info","message":"\u001b[0mGET /Public/stylesheet/login.css \u001b[36m304\u001b[0m 7.839 ms - -\u001b[0m","timestamp":"2025-04-24 17:37:45"}
{"level":"info","message":"\u001b[0mPOST /login \u001b[36m302\u001b[0m 1.671 ms - 34\u001b[0m","timestamp":"2025-04-24 17:37:49"}
{"level":"info","message":"\u001b[0mGET /login \u001b[32m200\u001b[0m 4.430 ms - 1097\u001b[0m","timestamp":"2025-04-24 17:37:49"}
{"level":"info","message":"\u001b[0mGET /Public/stylesheet/login.css \u001b[36m304\u001b[0m 4.601 ms - -\u001b[0m","timestamp":"2025-04-24 17:37:49"}
{"level":"warn","message":"404 Not Found: GET /56","timestamp":"2025-04-24 17:59:41"}
{"level":"info","message":"\u001b[0mGET /56 \u001b[33m404\u001b[0m 6.988 ms - 181\u001b[0m","timestamp":"2025-04-24 17:59:41"}
{"level":"warn","message":"404 Not Found: GET /56","timestamp":"2025-04-24 18:00:35"}
{"level":"info","message":"\u001b[0mGET /56 \u001b[33m404\u001b[0m 2.730 ms - 181\u001b[0m","timestamp":"2025-04-24 18:00:35"}
{"level":"warn","message":"404 Not Found: GET /56","timestamp":"2025-04-24 18:03:05"}
{"level":"info","message":"\u001b[0mGET /56 \u001b[33m404\u001b[0m 3.236 ms - 1444\u001b[0m","timestamp":"2025-04-24 18:03:05"}
{"level":"info","message":"\u001b[0mGET /login \u001b[36m304\u001b[0m 2.589 ms - -\u001b[0m","timestamp":"2025-04-24 18:03:08"}
{"level":"info","message":"\u001b[0mGET /Public/stylesheet/login.css \u001b[36m304\u001b[0m 1.069 ms - -\u001b[0m","timestamp":"2025-04-24 18:03:08"}
{"level":"warn","message":"404 Not Found: GET /56","timestamp":"2025-04-24 18:04:29"}
{"level":"info","message":"\u001b[0mGET /56 \u001b[33m404\u001b[0m 3.133 ms - 1444\u001b[0m","timestamp":"2025-04-24 18:04:29"}
{"level":"warn","message":"404 Not Found: GET /56","timestamp":"2025-04-24 18:04:30"}
{"level":"info","message":"\u001b[0mGET /56 \u001b[33m404\u001b[0m 3.477 ms - 1444\u001b[0m","timestamp":"2025-04-24 18:04:30"}
{"level":"warn","message":"404 Not Found: GET /56","timestamp":"2025-04-24 18:04:31"}
{"level":"info","message":"\u001b[0mGET /56 \u001b[33m404\u001b[0m 3.712 ms - 1444\u001b[0m","timestamp":"2025-04-24 18:04:31"}
{"level":"warn","message":"404 Not Found: GET /56","timestamp":"2025-04-24 18:04:31"}
{"level":"info","message":"\u001b[0mGET /56 \u001b[33m404\u001b[0m 2.108 ms - 1444\u001b[0m","timestamp":"2025-04-24 18:04:31"}
{"level":"info","message":"\u001b[0mGET /login \u001b[36m304\u001b[0m 1.537 ms - -\u001b[0m","timestamp":"2025-04-24 18:04:32"}
{"level":"info","message":"\u001b[0mGET /Public/stylesheet/login.css \u001b[36m304\u001b[0m 2.345 ms - -\u001b[0m","timestamp":"2025-04-24 18:04:32"}
{"level":"info","message":"\u001b[0mGET /login \u001b[36m304\u001b[0m 2.200 ms - -\u001b[0m","timestamp":"2025-04-24 18:04:34"}
{"level":"info","message":"\u001b[0mGET /Public/stylesheet/login.css \u001b[36m304\u001b[0m 1.111 ms - -\u001b[0m","timestamp":"2025-04-24 18:04:34"}
{"level":"warn","message":"404 Not Found: GET /56","timestamp":"2025-04-24 18:05:53"}
{"level":"info","message":"\u001b[0mGET /56 \u001b[33m404\u001b[0m 3.717 ms - 2238\u001b[0m","timestamp":"2025-04-24 18:05:53"}
{"level":"warn","message":"404 Not Found: GET /56","timestamp":"2025-04-24 18:05:54"}
{"level":"info","message":"\u001b[0mGET /56 \u001b[33m404\u001b[0m 3.075 ms - 2238\u001b[0m","timestamp":"2025-04-24 18:05:54"}
{"level":"warn","message":"404 Not Found: GET /56","timestamp":"2025-04-24 18:06:24"}
{"level":"info","message":"\u001b[0mGET /56 \u001b[33m404\u001b[0m 3.419 ms - 2232\u001b[0m","timestamp":"2025-04-24 18:06:24"}
{"level":"info","message":"\u001b[0mGET / \u001b[32m200\u001b[0m 2.076 ms - 5047\u001b[0m","timestamp":"2025-04-24 18:06:26"}
{"level":"info","message":"\u001b[0mGET /Public/stylesheet/index.css \u001b[36m304\u001b[0m 2.930 ms - -\u001b[0m","timestamp":"2025-04-24 18:06:26"}
{"level":"info","message":"\u001b[0mGET /Public/images/Black%20Gold%20Elegant%20Simple%20Real%20Estate%20Logo%20(1).png \u001b[36m304\u001b[0m 5.304 ms - -\u001b[0m","timestamp":"2025-04-24 18:06:26"}
{"level":"info","message":"\u001b[0mGET /Public/images/hero.png \u001b[36m304\u001b[0m 2.667 ms - -\u001b[0m","timestamp":"2025-04-24 18:06:26"}
{"level":"info","message":"\u001b[0mGET /Public/images/property-1.jpg \u001b[36m304\u001b[0m 3.501 ms - -\u001b[0m","timestamp":"2025-04-24 18:06:26"}
{"level":"info","message":"\u001b[0mGET /valuate \u001b[32m200\u001b[0m 2.749 ms - 1707\u001b[0m","timestamp":"2025-04-24 18:06:30"}
{"level":"info","message":"\u001b[0mGET /Public/stylesheet/valuate.css \u001b[32m200\u001b[0m 11.580 ms - 1068\u001b[0m","timestamp":"2025-04-24 18:06:30"}
{"level":"warn","message":"404 Not Found: POST /valuate","timestamp":"2025-04-24 18:06:37"}
{"level":"info","message":"\u001b[0mPOST /valuate \u001b[33m404\u001b[0m 4.107 ms - 2232\u001b[0m","timestamp":"2025-04-24 18:06:37"}
{"level":"warn","message":"404 Not Found: GET /1","timestamp":"2025-04-24 18:15:56"}
{"level":"info","message":"\u001b[0mGET /1 \u001b[33m404\u001b[0m 4.855 ms - 2232\u001b[0m","timestamp":"2025-04-24 18:15:57"}
{"level":"info","message":"\u001b[0mGET /user/signup \u001b[33m401\u001b[0m 1.780 ms - 2268\u001b[0m","timestamp":"2025-04-24 18:16:02"}
{"level":"info","message":"\u001b[0mGET / \u001b[36m304\u001b[0m 2.248 ms - -\u001b[0m","timestamp":"2025-04-24 18:16:07"}
{"level":"info","message":"\u001b[0mGET /Public/stylesheet/index.css \u001b[36m304\u001b[0m 5.849 ms - -\u001b[0m","timestamp":"2025-04-24 18:16:07"}
{"level":"info","message":"\u001b[0mGET /Public/images/Black%20Gold%20Elegant%20Simple%20Real%20Estate%20Logo%20(1).png \u001b[36m304\u001b[0m 6.101 ms - -\u001b[0m","timestamp":"2025-04-24 18:16:07"}
{"level":"info","message":"\u001b[0mGET /Public/images/hero.png \u001b[36m304\u001b[0m 6.165 ms - -\u001b[0m","timestamp":"2025-04-24 18:16:07"}
{"level":"info","message":"\u001b[0mGET /Public/images/property-1.jpg \u001b[36m304\u001b[0m 6.189 ms - -\u001b[0m","timestamp":"2025-04-24 18:16:07"}
{"level":"info","message":"\u001b[0mGET /login \u001b[36m304\u001b[0m 2.561 ms - -\u001b[0m","timestamp":"2025-04-24 18:16:09"}
{"level":"info","message":"\u001b[0mGET /Public/stylesheet/login.css \u001b[36m304\u001b[0m 0.776 ms - -\u001b[0m","timestamp":"2025-04-24 18:16:09"}
{"level":"error","message":"Error [29751331-4c38-4539-8555-a9c959afe0f7]: ReferenceError: C:\\Users\\Administrator\\source\\repos\\End-project\\views\\User\\signup.ejs:60\n    58|             </div>\r\n    59| \r\n >> 60|             <input type=\"hidden\" name=\"_csrf\" value=\"<%= csrfToken %>\">\r\n    61| \r\n    62|             <button class=\"register\" type=\"submit\">Register</button>\r\n    63|         </form>\r\n\ncsrfToken is not defined\n    at eval (\"C:\\\\Users\\\\Administrator\\\\source\\\\repos\\\\End-project\\\\views\\\\User\\\\signup.ejs\":12:26)\n    at signup (C:\\Users\\Administrator\\source\\repos\\End-project\\node_modules\\ejs\\lib\\ejs.js:703:17)\n    at tryHandleCache (C:\\Users\\Administrator\\source\\repos\\End-project\\node_modules\\ejs\\lib\\ejs.js:274:36)\n    at exports.renderFile [as engine] (C:\\Users\\Administrator\\source\\repos\\End-project\\node_modules\\ejs\\lib\\ejs.js:491:10)\n    at View.render (C:\\Users\\Administrator\\source\\repos\\End-project\\node_modules\\express\\lib\\view.js:139:8)\n    at tryRender (C:\\Users\\Administrator\\source\\repos\\End-project\\node_modules\\express\\lib\\application.js:627:10)\n    at Function.render (C:\\Users\\Administrator\\source\\repos\\End-project\\node_modules\\express\\lib\\application.js:574:3)\n    at ServerResponse.render (C:\\Users\\Administrator\\source\\repos\\End-project\\node_modules\\express\\lib\\response.js:909:7)\n    at exports.renderSignupPage (C:\\Users\\Administrator\\source\\repos\\End-project\\controllers\\AuthController\\signupController.js:6:9)\n    at Layer.handleRequest (C:\\Users\\Administrator\\source\\repos\\End-project\\node_modules\\router\\lib\\layer.js:152:17)","timestamp":"2025-04-24 18:16:10"}
{"level":"info","message":"\u001b[0mGET /auth/signup \u001b[31m500\u001b[0m 32.668 ms - 3028\u001b[0m","timestamp":"2025-04-24 18:16:10"}
{"level":"warn","message":"404 Not Found: GET /signup","timestamp":"2025-04-24 18:16:38"}
{"level":"info","message":"\u001b[0mGET /signup \u001b[33m404\u001b[0m 2.626 ms - 2232\u001b[0m","timestamp":"2025-04-24 18:16:38"}
{"level":"warn","message":"404 Not Found: GET /auth","timestamp":"2025-04-24 18:17:03"}
{"level":"info","message":"\u001b[0mGET /auth \u001b[33m404\u001b[0m 2.254 ms - 2232\u001b[0m","timestamp":"2025-04-24 18:17:03"}
{"level":"info","message":"Initializing database connection...","timestamp":"2025-04-24 18:17:30"}
{"level":"info","message":"Testing database connection...","timestamp":"2025-04-24 18:17:30"}
{"level":"info","message":"Database connection test passed","timestamp":"2025-04-24 18:17:30"}
{"level":"info","message":"Server successfully started on port 8000","timestamp":"2025-04-24 18:17:30"}
{"level":"warn","message":"404 Not Found: GET /auth","timestamp":"2025-04-24 18:17:33"}
{"level":"info","message":"\u001b[0mGET /auth \u001b[33m404\u001b[0m 13.079 ms - 2232\u001b[0m","timestamp":"2025-04-24 18:17:33"}
{"level":"warn","message":"404 Not Found: GET /auth/signup","timestamp":"2025-04-24 18:17:37"}
{"level":"info","message":"\u001b[0mGET /auth/signup \u001b[33m404\u001b[0m 5.033 ms - 2232\u001b[0m","timestamp":"2025-04-24 18:17:37"}
{"level":"error","message":"Error [e110574d-80f6-4179-9e71-d08c96414270]: ReferenceError: C:\\Users\\Administrator\\source\\repos\\End-project\\views\\User\\signup.ejs:60\n    58|             </div>\r\n    59| \r\n >> 60|             <input type=\"hidden\" name=\"_csrf\" value=\"<%= csrfToken %>\">\r\n    61| \r\n    62|             <button class=\"register\" type=\"submit\">Register</button>\r\n    63|         </form>\r\n\ncsrfToken is not defined\n    at eval (\"C:\\\\Users\\\\Administrator\\\\source\\\\repos\\\\End-project\\\\views\\\\User\\\\signup.ejs\":12:26)\n    at signup (C:\\Users\\Administrator\\source\\repos\\End-project\\node_modules\\ejs\\lib\\ejs.js:703:17)\n    at tryHandleCache (C:\\Users\\Administrator\\source\\repos\\End-project\\node_modules\\ejs\\lib\\ejs.js:274:36)\n    at exports.renderFile [as engine] (C:\\Users\\Administrator\\source\\repos\\End-project\\node_modules\\ejs\\lib\\ejs.js:491:10)\n    at View.render (C:\\Users\\Administrator\\source\\repos\\End-project\\node_modules\\express\\lib\\view.js:139:8)\n    at tryRender (C:\\Users\\Administrator\\source\\repos\\End-project\\node_modules\\express\\lib\\application.js:627:10)\n    at Function.render (C:\\Users\\Administrator\\source\\repos\\End-project\\node_modules\\express\\lib\\application.js:574:3)\n    at ServerResponse.render (C:\\Users\\Administrator\\source\\repos\\End-project\\node_modules\\express\\lib\\response.js:909:7)\n    at exports.renderSignupPage (C:\\Users\\Administrator\\source\\repos\\End-project\\controllers\\AuthController\\signupController.js:6:9)\n    at Layer.handleRequest (C:\\Users\\Administrator\\source\\repos\\End-project\\node_modules\\router\\lib\\layer.js:152:17)","timestamp":"2025-04-24 18:17:43"}
{"level":"info","message":"\u001b[0mGET /signup \u001b[31m500\u001b[0m 9.829 ms - 3028\u001b[0m","timestamp":"2025-04-24 18:17:43"}
{"level":"info","message":"\u001b[0mGET /signup \u001b[32m200\u001b[0m 1.749 ms - 11118\u001b[0m","timestamp":"2025-04-24 18:18:16"}
{"level":"info","message":"\u001b[0mGET /Public/stylesheet/signup.css \u001b[32m200\u001b[0m 3.246 ms - 6143\u001b[0m","timestamp":"2025-04-24 18:18:16"}
{"level":"warn","message":"404 Not Found: GET /favicon.svg","timestamp":"2025-04-24 18:18:16"}
{"level":"info","message":"\u001b[0mGET /favicon.svg \u001b[33m404\u001b[0m 15.300 ms - 2232\u001b[0m","timestamp":"2025-04-24 18:18:17"}
{"level":"info","message":"\u001b[0mPOST /register \u001b[36m302\u001b[0m 152.090 ms - 34\u001b[0m","timestamp":"2025-04-24 18:18:52"}
{"level":"info","message":"\u001b[0mGET /login \u001b[36m304\u001b[0m 4.628 ms - -\u001b[0m","timestamp":"2025-04-24 18:18:52"}
{"level":"info","message":"\u001b[0mGET /Public/stylesheet/login.css \u001b[36m304\u001b[0m 1.647 ms - -\u001b[0m","timestamp":"2025-04-24 18:18:52"}
{"level":"info","message":"Initializing database connection...","timestamp":"2025-04-24 18:27:59"}
{"level":"info","message":"Testing database connection...","timestamp":"2025-04-24 18:27:59"}
{"level":"info","message":"Database connection test passed","timestamp":"2025-04-24 18:27:59"}
{"level":"info","message":"Server successfully started on port 8000","timestamp":"2025-04-24 18:27:59"}
{"level":"warn","message":"404 Not Found: GET /auth/signup","timestamp":"2025-04-24 18:28:02"}
{"level":"info","message":"\u001b[0mGET /auth/signup \u001b[33m404\u001b[0m 29.874 ms - 2232\u001b[0m","timestamp":"2025-04-24 18:28:02"}
{"level":"info","message":"\u001b[0mGET /signup \u001b[36m304\u001b[0m 5.067 ms - -\u001b[0m","timestamp":"2025-04-24 18:28:09"}
{"level":"info","message":"\u001b[0mGET /Public/stylesheet/signup.css \u001b[36m304\u001b[0m 3.855 ms - -\u001b[0m","timestamp":"2025-04-24 18:28:09"}
{"level":"info","message":"\u001b[0mPOST /register \u001b[36m302\u001b[0m 116.568 ms - 34\u001b[0m","timestamp":"2025-04-24 18:28:48"}
{"level":"info","message":"\u001b[0mGET /login \u001b[36m304\u001b[0m 3.435 ms - -\u001b[0m","timestamp":"2025-04-24 18:28:48"}
{"level":"info","message":"\u001b[0mGET /Public/stylesheet/login.css \u001b[36m304\u001b[0m 6.527 ms - -\u001b[0m","timestamp":"2025-04-24 18:28:48"}
{"level":"info","message":"Initializing database connection...","timestamp":"2025-04-24 18:35:55"}
{"level":"info","message":"Testing database connection...","timestamp":"2025-04-24 18:35:55"}
{"level":"info","message":"Database connection test passed","timestamp":"2025-04-24 18:35:55"}
{"level":"info","message":"Server successfully started on port 8000","timestamp":"2025-04-24 18:35:55"}
