[2025-03-28T08:56:26.232Z] [WARN] Unauthorized access attempt to /home/destro/End/Public/images/home_18031529.png
[2025-03-28T08:56:38.011Z] [WARN] Unauthorized access attempt to /admin/settings
[2025-03-30T19:17:33.458Z] [WARN] Unauthorized access attempt to /home/destro/End/Public/images/home_18031529.png
[2025-03-30T19:17:41.936Z] [WARN] Unauthorized access attempt to /sell
[2025-03-30T19:17:47.039Z] [WARN] Unauthorized access attempt to /sale
[2025-03-30T19:17:49.671Z] [WARN] Unauthorized access attempt to /home/destro/End/Public/images/home_18031529.png
[2025-03-30T19:17:51.163Z] [WARN] Unauthorized access attempt to /favicon.svg
[2025-03-30T19:20:25.823Z] [WARN] Unauthorized access attempt to /home/destro/End/Public/images/home_18031529.png
[2025-03-30T19:20:37.524Z] [WARN] Unauthorized admin access attempt by user 75
[2025-03-30T19:36:46.345Z] [WARN] Unauthorized admin access attempt by user 75
[2025-03-30T19:36:57.999Z] [WARN] Unauthorized admin access attempt by user 75
[2025-03-30T19:37:12.704Z] [WARN] Unauthorized admin access attempt by user 75
[2025-03-30T19:37:58.081Z] [WARN] Unauthorized admin access attempt by user 75
[2025-03-30T19:38:07.044Z] [WARN] Unauthorized admin access attempt by user 76
[2025-03-30T19:39:43.464Z] [WARN] Unauthorized admin access attempt by user 76
[2025-03-30T19:39:54.059Z] [WARN] Unauthorized admin access attempt by user 76
[2025-03-30T19:40:08.856Z] [WARN] Unauthorized admin access attempt by user 76
[2025-03-30T19:40:11.626Z] [WARN] Unauthorized admin access attempt by user 76
[2025-03-30T19:40:22.440Z] [WARN] Unauthorized admin access attempt by user 76
[2025-03-30T19:43:36.313Z] [WARN] Unauthorized admin access attempt by user 76
[2025-03-30T19:44:31.496Z] [WARN] Unauthorized admin access attempt by user 76
[2025-03-30T19:44:35.762Z] [WARN] Unauthorized admin access attempt by user 76
[2025-03-30T19:49:04.440Z] [WARN] Unauthorized admin access attempt by user 76
[2025-03-30T19:49:08.953Z] [WARN] Unauthorized admin access attempt by user 76
[2025-03-30T19:51:38.927Z] [WARN] Unauthorized admin access attempt by user 76
[2025-03-30T20:12:15.357Z] [WARN] Unauthorized admin access attempt by user 76
[2025-03-30T20:12:18.009Z] [WARN] Unauthorized admin access attempt by user 76
[2025-03-30T20:12:47.583Z] [WARN] Unauthorized admin access attempt by user 76
[2025-03-30T20:13:37.399Z] [WARN] Unauthorized access attempt to /home/destro/End/Public/images/home_18031529.png
[2025-03-30T20:14:43.022Z] [WARN] Unauthorized access attempt to /
[2025-03-30T20:14:48.308Z] [WARN] Unauthorized access attempt to /home/destro/End/Public/images/home_18031529.png
[2025-03-30T20:14:58.795Z] [WARN] Unauthorized admin access attempt by user 76
[2025-03-30T20:17:01.008Z] [WARN] Unauthorized admin access attempt by user 76
[2025-03-30T20:17:04.267Z] [WARN] Unauthorized admin access attempt by user 76
[2025-03-30T20:17:13.338Z] [WARN] Unauthorized admin access attempt by user 76
[2025-03-30T20:25:53.240Z] [WARN] Unauthorized admin access attempt by user 76
[2025-03-31T22:18:09.861Z] [WARN] Unauthorized access attempt to /
[2025-03-31T22:18:15.681Z] [WARN] Unauthorized access attempt to /favicon.ico
[2025-03-31T22:18:17.061Z] [WARN] Unauthorized access attempt to /home/destro/End/Public/images/home_18031529.png
[2025-03-31T22:18:28.487Z] [WARN] Unauthorized admin access attempt by user 76
[2025-03-31T22:18:46.572Z] [WARN] Unauthorized admin access attempt by user 76
[2025-03-31T22:18:46.884Z] [WARN] Unauthorized admin access attempt by user 76
[2025-03-31T22:18:51.568Z] [WARN] Unauthorized admin access attempt by user 76
[2025-03-31T22:19:00.827Z] [WARN] Unauthorized admin access attempt by user 76
[2025-03-31T22:20:52.299Z] [WARN] Unauthorized admin access attempt by user 76
[2025-03-31T22:20:58.990Z] [WARN] Unauthorized admin access attempt by user 76
[2025-03-31T22:20:59.240Z] [WARN] Unauthorized admin access attempt by user 76
[2025-03-31T22:21:10.659Z] [WARN] Unauthorized admin access attempt by user 76
[2025-03-31T22:21:16.697Z] [WARN] Unauthorized admin access attempt by user 76
[2025-03-31T22:21:16.898Z] [WARN] Unauthorized admin access attempt by user 76
[2025-03-31T22:24:17.341Z] [WARN] Unauthorized admin access attempt by user 76
[2025-03-31T22:24:18.202Z] [WARN] Unauthorized admin access attempt by user 76
[2025-03-31T22:24:22.759Z] [WARN] Unauthorized admin access attempt by user 76
[2025-03-31T22:24:23.028Z] [WARN] Unauthorized admin access attempt by user 76
[2025-03-31T22:24:28.376Z] [WARN] Unauthorized admin access attempt by user 76
[2025-03-31T22:24:28.633Z] [WARN] Unauthorized admin access attempt by user 76
[2025-03-31T22:24:31.890Z] [WARN] Unauthorized admin access attempt by user 76
[2025-03-31T22:59:58.365Z] [WARN] Unauthorized admin access attempt by user 76
[2025-03-31T23:06:54.383Z] [WARN] Unauthorized admin access attempt by user 76
[2025-03-31T23:09:30.306Z] [WARN] Unauthorized admin access attempt by user 58
